# JRE version: OpenJDK Runtime Environment (21.0.1+12) (build 21.0.1+12-29)
# Java VM: OpenJDK 64-Bit Server VM (21.0.1+12-29, mixed mode, emulated-client, sharing, tiered, compressed oops, compressed class ptrs, g1 gc, windows-amd64)
GC Precious Log:
 CardTable entry size: 512
 Card Set container configuration: InlinePtr #cards 5 size 8 Array Of Cards #cards 12 size 40 Howl #buckets 4 coarsen threshold 1843 Howl Bitmap #cards 512 size 80 coarsen threshold 460 Card regions per heap region 1 cards per card region 2048
 CPUs: 4 total, 4 available
 Memory: 8112M
 Large Page Support: Disabled
 NUMA Support: Disabled
 Compressed Oops: Enabled (32-bit)
 Heap Region Size: 1M
 Heap Min Capacity: 8M
 Heap Initial Capacity: 128M
 Heap Max Capacity: 2030M
 Pre-touch: Disabled
 Parallel Workers: 4
 Concurrent Workers: 1
 Concurrent Refinement Workers: 4
 Periodic GC: Disabled
Heap:
 garbage-first heap   total 80896K, used 37289K [0x0000000081200000, 0x0000000100000000)
  region size 1024K, 2 young (2048K), 1 survivors (1024K)
 Metaspace       used 69791K, committed 70528K, reserved 1114112K
  class space    used 9935K, committed 10240K, reserved 1048576K
GC Heap History (20 events):
Event: 9193.101 GC heap before
{Heap before GC invocations=89 (full 2):
 garbage-first heap   total 80896K, used 72972K [0x0000000081200000, 0x0000000100000000)
  region size 1024K, 42 young (43008K), 2 survivors (2048K)
 Metaspace       used 69527K, committed 70400K, reserved 1114112K
  class space    used 9878K, committed 10240K, reserved 1048576K
}
Event: 9193.117 GC heap after
{Heap after GC invocations=90 (full 2):
 garbage-first heap   total 80896K, used 32687K [0x0000000081200000, 0x0000000100000000)
  region size 1024K, 3 young (3072K), 3 survivors (3072K)
 Metaspace       used 69527K, committed 70400K, reserved 1114112K
  class space    used 9878K, committed 10240K, reserved 1048576K
}
Event: 9457.088 GC heap before
{Heap before GC invocations=91 (full 2):
 garbage-first heap   total 80896K, used 71599K [0x0000000081200000, 0x0000000100000000)
  region size 1024K, 41 young (41984K), 3 survivors (3072K)
 Metaspace       used 69527K, committed 70400K, reserved 1114112K
  class space    used 9878K, committed 10240K, reserved 1048576K
}
Event: 9457.102 GC heap after
{Heap after GC invocations=92 (full 2):
 garbage-first heap   total 80896K, used 32583K [0x0000000081200000, 0x0000000100000000)
  region size 1024K, 3 young (3072K), 3 survivors (3072K)
 Metaspace       used 69527K, committed 70400K, reserved 1114112K
  class space    used 9878K, committed 10240K, reserved 1048576K
}
Event: 9522.391 GC heap before
{Heap before GC invocations=92 (full 2):
 garbage-first heap   total 80896K, used 43847K [0x0000000081200000, 0x0000000100000000)
  region size 1024K, 15 young (15360K), 3 survivors (3072K)
 Metaspace       used 69533K, committed 70400K, reserved 1114112K
  class space    used 9880K, committed 10240K, reserved 1048576K
}
Event: 9522.463 GC heap after
{Heap after GC invocations=93 (full 3):
 garbage-first heap   total 80896K, used 23767K [0x0000000081200000, 0x0000000100000000)
  region size 1024K, 0 young (0K), 0 survivors (0K)
 Metaspace       used 68453K, committed 69952K, reserved 1114112K
  class space    used 9760K, committed 10240K, reserved 1048576K
}
Event: 9524.561 GC heap before
{Heap before GC invocations=93 (full 3):
 garbage-first heap   total 80896K, used 70871K [0x0000000081200000, 0x0000000100000000)
  region size 1024K, 47 young (48128K), 0 survivors (0K)
 Metaspace       used 68876K, committed 69952K, reserved 1114112K
  class space    used 9832K, committed 10240K, reserved 1048576K
}
Event: 9524.570 GC heap after
{Heap after GC invocations=94 (full 3):
 garbage-first heap   total 80896K, used 28682K [0x0000000081200000, 0x0000000100000000)
  region size 1024K, 5 young (5120K), 5 survivors (5120K)
 Metaspace       used 68876K, committed 69952K, reserved 1114112K
  class space    used 9832K, committed 10240K, reserved 1048576K
}
Event: 9526.514 GC heap before
{Heap before GC invocations=95 (full 3):
 garbage-first heap   total 80896K, used 69642K [0x0000000081200000, 0x0000000100000000)
  region size 1024K, 45 young (46080K), 5 survivors (5120K)
 Metaspace       used 69225K, committed 70016K, reserved 1114112K
  class space    used 9882K, committed 10240K, reserved 1048576K
}
Event: 9526.530 GC heap after
{Heap after GC invocations=96 (full 3):
 garbage-first heap   total 80896K, used 31844K [0x0000000081200000, 0x0000000100000000)
  region size 1024K, 4 young (4096K), 4 survivors (4096K)
 Metaspace       used 69225K, committed 70016K, reserved 1114112K
  class space    used 9882K, committed 10240K, reserved 1048576K
}
Event: 9528.239 GC heap before
{Heap before GC invocations=96 (full 3):
 garbage-first heap   total 80896K, used 69732K [0x0000000081200000, 0x0000000100000000)
  region size 1024K, 41 young (41984K), 4 survivors (4096K)
 Metaspace       used 69443K, committed 70208K, reserved 1114112K
  class space    used 9896K, committed 10240K, reserved 1048576K
}
Event: 9528.249 GC heap after
{Heap after GC invocations=97 (full 3):
 garbage-first heap   total 80896K, used 33822K [0x0000000081200000, 0x0000000100000000)
  region size 1024K, 6 young (6144K), 6 survivors (6144K)
 Metaspace       used 69443K, committed 70208K, reserved 1114112K
  class space    used 9896K, committed 10240K, reserved 1048576K
}
Event: 9528.996 GC heap before
{Heap before GC invocations=97 (full 3):
 garbage-first heap   total 80896K, used 68638K [0x0000000081200000, 0x0000000100000000)
  region size 1024K, 40 young (40960K), 6 survivors (6144K)
 Metaspace       used 69664K, committed 70400K, reserved 1114112K
  class space    used 9912K, committed 10240K, reserved 1048576K
}
Event: 9529.008 GC heap after
{Heap after GC invocations=98 (full 3):
 garbage-first heap   total 80896K, used 34694K [0x0000000081200000, 0x0000000100000000)
  region size 1024K, 3 young (3072K), 3 survivors (3072K)
 Metaspace       used 69664K, committed 70400K, reserved 1114112K
  class space    used 9912K, committed 10240K, reserved 1048576K
}
Event: 15974.869 GC heap before
{Heap before GC invocations=99 (full 3):
 garbage-first heap   total 80896K, used 71558K [0x0000000081200000, 0x0000000100000000)
  region size 1024K, 39 young (39936K), 3 survivors (3072K)
 Metaspace       used 69791K, committed 70528K, reserved 1114112K
  class space    used 9935K, committed 10240K, reserved 1048576K
}
Event: 15974.886 GC heap after
{Heap after GC invocations=100 (full 3):
 garbage-first heap   total 80896K, used 37921K [0x0000000081200000, 0x0000000100000000)
  region size 1024K, 5 young (5120K), 5 survivors (5120K)
 Metaspace       used 69791K, committed 70528K, reserved 1114112K
  class space    used 9935K, committed 10240K, reserved 1048576K
}
Event: 16189.147 GC heap before
{Heap before GC invocations=100 (full 3):
 garbage-first heap   total 80896K, used 69665K [0x0000000081200000, 0x0000000100000000)
  region size 1024K, 36 young (36864K), 5 survivors (5120K)
 Metaspace       used 69791K, committed 70528K, reserved 1114112K
  class space    used 9935K, committed 10240K, reserved 1048576K
}
Event: 16189.155 GC heap after
{Heap after GC invocations=101 (full 3):
 garbage-first heap   total 80896K, used 37655K [0x0000000081200000, 0x0000000100000000)
  region size 1024K, 1 young (1024K), 1 survivors (1024K)
 Metaspace       used 69791K, committed 70528K, reserved 1114112K
  class space    used 9935K, committed 10240K, reserved 1048576K
}
Event: 16433.140 GC heap before
{Heap before GC invocations=101 (full 3):
 garbage-first heap   total 80896K, used 73495K [0x0000000081200000, 0x0000000100000000)
  region size 1024K, 36 young (36864K), 1 survivors (1024K)
 Metaspace       used 69791K, committed 70528K, reserved 1114112K
  class space    used 9935K, committed 10240K, reserved 1048576K
}
Event: 16434.275 GC heap after
{Heap after GC invocations=102 (full 3):
 garbage-first heap   total 80896K, used 37289K [0x0000000081200000, 0x0000000100000000)
  region size 1024K, 1 young (1024K), 1 survivors (1024K)
 Metaspace       used 69791K, committed 70528K, reserved 1114112K
  class space    used 9935K, committed 10240K, reserved 1048576K
}

