# JRE version: OpenJDK Runtime Environment (21.0.1+12) (build 21.0.1+12-29)
# Java VM: OpenJDK 64-Bit Server VM (21.0.1+12-29, mixed mode, sharing, tiered, compressed oops, compressed class ptrs, g1 gc, windows-amd64)
GC Precious Log:
 CardTable entry size: 512
 Card Set container configuration: InlinePtr #cards 5 size 8 Array Of Cards #cards 12 size 40 Howl #buckets 4 coarsen threshold 1843 Howl Bitmap #cards 512 size 80 coarsen threshold 460 Card regions per heap region 1 cards per card region 2048
 CPUs: 4 total, 4 available
 Memory: 8112M
 Large Page Support: Disabled
 NUMA Support: Disabled
 Compressed Oops: Enabled (32-bit)
 Heap Region Size: 1M
 Heap Min Capacity: 256M
 Heap Initial Capacity: 256M
 Heap Max Capacity: 512M
 Pre-touch: Disabled
 Parallel Workers: 4
 Concurrent Workers: 1
 Concurrent Refinement Workers: 4
 Periodic GC: Disabled
Heap:
 garbage-first heap   total 264192K, used 239729K [0x00000000e0000000, 0x0000000100000000)
  region size 1024K, 118 young (120832K), 5 survivors (5120K)
 Metaspace       used 85958K, committed 88064K, reserved 458752K
  class space    used 11044K, committed 12416K, reserved 327680K
GC Heap History (20 events):
Event: 1272.192 GC heap after
{Heap after GC invocations=23 (full 0):
 garbage-first heap   total 262144K, used 95350K [0x00000000e0000000, 0x0000000100000000)
  region size 1024K, 11 young (11264K), 11 survivors (11264K)
 Metaspace       used 83392K, committed 86656K, reserved 458752K
  class space    used 10824K, committed 12416K, reserved 327680K
}
Event: 1381.029 GC heap before
{Heap before GC invocations=23 (full 0):
 garbage-first heap   total 262144K, used 235638K [0x00000000e0000000, 0x0000000100000000)
  region size 1024K, 148 young (151552K), 11 survivors (11264K)
 Metaspace       used 83682K, committed 86656K, reserved 458752K
  class space    used 10849K, committed 12416K, reserved 327680K
}
Event: 1381.041 GC heap after
{Heap after GC invocations=24 (full 0):
 garbage-first heap   total 262144K, used 89771K [0x00000000e0000000, 0x0000000100000000)
  region size 1024K, 5 young (5120K), 5 survivors (5120K)
 Metaspace       used 83682K, committed 86656K, reserved 458752K
  class space    used 10849K, committed 12416K, reserved 327680K
}
Event: 1383.560 GC heap before
{Heap before GC invocations=24 (full 0):
 garbage-first heap   total 262144K, used 241323K [0x00000000e0000000, 0x0000000100000000)
  region size 1024K, 151 young (154624K), 5 survivors (5120K)
 Metaspace       used 83770K, committed 86656K, reserved 458752K
  class space    used 10854K, committed 12416K, reserved 327680K
}
Event: 1383.590 GC heap after
{Heap after GC invocations=25 (full 0):
 garbage-first heap   total 264192K, used 108338K [0x00000000e0000000, 0x0000000100000000)
  region size 1024K, 19 young (19456K), 19 survivors (19456K)
 Metaspace       used 83770K, committed 86656K, reserved 458752K
  class space    used 10854K, committed 12416K, reserved 327680K
}
Event: 1984.137 GC heap before
{Heap before GC invocations=25 (full 0):
 garbage-first heap   total 264192K, used 230194K [0x00000000e0000000, 0x0000000100000000)
  region size 1024K, 138 young (141312K), 19 survivors (19456K)
 Metaspace       used 83939K, committed 86720K, reserved 458752K
  class space    used 10856K, committed 12416K, reserved 327680K
}
Event: 1984.175 GC heap after
{Heap after GC invocations=26 (full 0):
 garbage-first heap   total 264192K, used 114945K [0x00000000e0000000, 0x0000000100000000)
  region size 1024K, 13 young (13312K), 13 survivors (13312K)
 Metaspace       used 83939K, committed 86720K, reserved 458752K
  class space    used 10856K, committed 12416K, reserved 327680K
}
Event: 1985.520 GC heap before
{Heap before GC invocations=26 (full 0):
 garbage-first heap   total 264192K, used 234753K [0x00000000e0000000, 0x0000000100000000)
  region size 1024K, 129 young (132096K), 13 survivors (13312K)
 Metaspace       used 85370K, committed 87488K, reserved 458752K
  class space    used 11026K, committed 12416K, reserved 327680K
}
Event: 1985.541 GC heap after
{Heap after GC invocations=27 (full 0):
 garbage-first heap   total 264192K, used 120335K [0x00000000e0000000, 0x0000000100000000)
  region size 1024K, 8 young (8192K), 8 survivors (8192K)
 Metaspace       used 85370K, committed 87488K, reserved 458752K
  class space    used 11026K, committed 12416K, reserved 327680K
}
Event: 2014.084 GC heap before
{Heap before GC invocations=27 (full 0):
 garbage-first heap   total 264192K, used 238095K [0x00000000e0000000, 0x0000000100000000)
  region size 1024K, 120 young (122880K), 8 survivors (8192K)
 Metaspace       used 85536K, committed 87680K, reserved 458752K
  class space    used 11028K, committed 12416K, reserved 327680K
}
Event: 2014.091 GC heap after
{Heap after GC invocations=28 (full 0):
 garbage-first heap   total 264192K, used 119498K [0x00000000e0000000, 0x0000000100000000)
  region size 1024K, 7 young (7168K), 7 survivors (7168K)
 Metaspace       used 85536K, committed 87680K, reserved 458752K
  class space    used 11028K, committed 12416K, reserved 327680K
}
Event: 2015.376 GC heap before
{Heap before GC invocations=28 (full 0):
 garbage-first heap   total 264192K, used 236234K [0x00000000e0000000, 0x0000000100000000)
  region size 1024K, 122 young (124928K), 7 survivors (7168K)
 Metaspace       used 85608K, committed 87744K, reserved 458752K
  class space    used 11030K, committed 12416K, reserved 327680K
}
Event: 2015.394 GC heap after
{Heap after GC invocations=29 (full 0):
 garbage-first heap   total 264192K, used 120238K [0x00000000e0000000, 0x0000000100000000)
  region size 1024K, 9 young (9216K), 9 survivors (9216K)
 Metaspace       used 85608K, committed 87744K, reserved 458752K
  class space    used 11030K, committed 12416K, reserved 327680K
}
Event: 2037.307 GC heap before
{Heap before GC invocations=29 (full 0):
 garbage-first heap   total 264192K, used 237998K [0x00000000e0000000, 0x0000000100000000)
  region size 1024K, 124 young (126976K), 9 survivors (9216K)
 Metaspace       used 85691K, committed 87808K, reserved 458752K
  class space    used 11032K, committed 12416K, reserved 327680K
}
Event: 2037.328 GC heap after
{Heap after GC invocations=30 (full 0):
 garbage-first heap   total 264192K, used 120467K [0x00000000e0000000, 0x0000000100000000)
  region size 1024K, 9 young (9216K), 9 survivors (9216K)
 Metaspace       used 85691K, committed 87808K, reserved 458752K
  class space    used 11032K, committed 12416K, reserved 327680K
}
Event: 2062.212 GC heap before
{Heap before GC invocations=30 (full 0):
 garbage-first heap   total 264192K, used 239251K [0x00000000e0000000, 0x0000000100000000)
  region size 1024K, 125 young (128000K), 9 survivors (9216K)
 Metaspace       used 85779K, committed 87936K, reserved 458752K
  class space    used 11035K, committed 12416K, reserved 327680K
}
Event: 2062.229 GC heap after
{Heap after GC invocations=31 (full 0):
 garbage-first heap   total 264192K, used 120327K [0x00000000e0000000, 0x0000000100000000)
  region size 1024K, 8 young (8192K), 8 survivors (8192K)
 Metaspace       used 85779K, committed 87936K, reserved 458752K
  class space    used 11035K, committed 12416K, reserved 327680K
}
Event: 2099.489 GC heap before
{Heap before GC invocations=31 (full 0):
 garbage-first heap   total 264192K, used 238087K [0x00000000e0000000, 0x0000000100000000)
  region size 1024K, 123 young (125952K), 8 survivors (8192K)
 Metaspace       used 85836K, committed 88000K, reserved 458752K
  class space    used 11038K, committed 12416K, reserved 327680K
}
Event: 2099.508 GC heap after
{Heap after GC invocations=32 (full 0):
 garbage-first heap   total 264192K, used 122993K [0x00000000e0000000, 0x0000000100000000)
  region size 1024K, 10 young (10240K), 10 survivors (10240K)
 Metaspace       used 85836K, committed 88000K, reserved 458752K
  class space    used 11038K, committed 12416K, reserved 327680K
}
Event: 4328.048 GC heap before
{Heap before GC invocations=32 (full 0):
 garbage-first heap   total 264192K, used 238705K [0x00000000e0000000, 0x0000000100000000)
  region size 1024K, 123 young (125952K), 10 survivors (10240K)
 Metaspace       used 85958K, committed 88064K, reserved 458752K
  class space    used 11044K, committed 12416K, reserved 327680K
}

